mode: set
github.com/fyykx/mux-postgres/app.go:20.57,26.16 4 1
github.com/fyykx/mux-postgres/app.go:30.2,31.22 2 1
github.com/fyykx/mux-postgres/app.go:26.16,28.3 1 0
github.com/fyykx/mux-postgres/app.go:34.32,36.2 1 0
github.com/fyykx/mux-postgres/app.go:38.34,44.2 5 1
github.com/fyykx/mux-postgres/app.go:46.67,50.29 3 1
github.com/fyykx/mux-postgres/app.go:53.2,53.15 1 1
github.com/fyykx/mux-postgres/app.go:57.2,58.16 2 1
github.com/fyykx/mux-postgres/app.go:63.2,63.45 1 1
github.com/fyykx/mux-postgres/app.go:50.29,52.3 1 1
github.com/fyykx/mux-postgres/app.go:53.15,55.3 1 0
github.com/fyykx/mux-postgres/app.go:58.16,61.3 2 0
github.com/fyykx/mux-postgres/app.go:66.69,69.43 3 1
github.com/fyykx/mux-postgres/app.go:73.2,75.46 2 1
github.com/fyykx/mux-postgres/app.go:80.2,80.43 1 1
github.com/fyykx/mux-postgres/app.go:69.43,72.3 2 0
github.com/fyykx/mux-postgres/app.go:75.46,78.3 2 0
github.com/fyykx/mux-postgres/app.go:83.66,86.16 3 1
github.com/fyykx/mux-postgres/app.go:91.2,92.43 2 1
github.com/fyykx/mux-postgres/app.go:102.2,102.38 1 1
github.com/fyykx/mux-postgres/app.go:86.16,89.3 2 0
github.com/fyykx/mux-postgres/app.go:92.43,93.14 1 1
github.com/fyykx/mux-postgres/app.go:99.3,99.9 1 1
github.com/fyykx/mux-postgres/app.go:94.22,95.65 1 1
github.com/fyykx/mux-postgres/app.go:96.11,97.68 1 0
github.com/fyykx/mux-postgres/app.go:105.69,108.16 3 1
github.com/fyykx/mux-postgres/app.go:113.2,115.43 3 1
github.com/fyykx/mux-postgres/app.go:119.2,122.46 3 1
github.com/fyykx/mux-postgres/app.go:127.2,127.38 1 1
github.com/fyykx/mux-postgres/app.go:108.16,111.3 2 0
github.com/fyykx/mux-postgres/app.go:115.43,118.3 2 0
github.com/fyykx/mux-postgres/app.go:122.46,125.3 2 0
github.com/fyykx/mux-postgres/app.go:130.69,133.16 3 1
github.com/fyykx/mux-postgres/app.go:138.2,139.46 2 1
github.com/fyykx/mux-postgres/app.go:144.2,144.75 1 1
github.com/fyykx/mux-postgres/app.go:133.16,136.3 2 0
github.com/fyykx/mux-postgres/app.go:139.46,142.3 2 0
github.com/fyykx/mux-postgres/app.go:147.72,149.2 1 1
github.com/fyykx/mux-postgres/app.go:151.76,157.2 4 1
github.com/fyykx/mux-postgres/main.go:5.13,13.2 3 0
github.com/fyykx/mux-postgres/model.go:13.48,16.2 1 1
github.com/fyykx/mux-postgres/model.go:18.51,24.2 2 1
github.com/fyykx/mux-postgres/model.go:26.51,30.2 2 1
github.com/fyykx/mux-postgres/model.go:32.51,37.16 2 1
github.com/fyykx/mux-postgres/model.go:41.2,41.12 1 1
github.com/fyykx/mux-postgres/model.go:37.16,39.3 1 0
github.com/fyykx/mux-postgres/model.go:44.67,49.16 2 1
github.com/fyykx/mux-postgres/model.go:53.2,57.18 3 1
github.com/fyykx/mux-postgres/model.go:65.2,65.22 1 1
github.com/fyykx/mux-postgres/model.go:49.16,51.3 1 0
github.com/fyykx/mux-postgres/model.go:57.18,59.61 2 0
github.com/fyykx/mux-postgres/model.go:62.3,62.33 1 0
github.com/fyykx/mux-postgres/model.go:59.61,61.4 1 0
